# JRE version: OpenJDK Runtime Environment (8.0_76-b03) (build 1.8.0_76-release-b03)
# Java VM: OpenJDK 64-Bit Server VM (25.76-b03 mixed mode windows-amd64 compressed oops)
Heap:
 PSYoungGen      total 232960K, used 165647K [0x00000000eab00000, 0x0000000100000000, 0x0000000100000000)
  eden space 116736K, 100% used [0x00000000eab00000,0x00000000f1d00000,0x00000000f1d00000)
  from space 116224K, 42% used [0x00000000f1d00000,0x00000000f4cc3de0,0x00000000f8e80000)
  to   space 116224K, 44% used [0x00000000f8e80000,0x00000000fc0af538,0x0000000100000000)
 ParOldGen       total 362496K, used 269299K [0x00000000c0000000, 0x00000000d6200000, 0x00000000eab00000)
  object space 362496K, 74% used [0x00000000c0000000,0x00000000d06fcec0,0x00000000d6200000)
 Metaspace       used 6418K, capacity 7154K, committed 7296K, reserved 1056768K
  class space    used 596K, capacity 618K, committed 640K, reserved 1048576K
GC Heap History (10 events):
Event: 8.860 GC heap after
Heap after GC invocations=12 (full 2):
 PSYoungGen      total 232960K, used 112700K [0x00000000eab00000, 0x0000000100000000, 0x0000000100000000)
  eden space 116736K, 0% used [0x00000000eab00000,0x00000000eab00000,0x00000000f1d00000)
  from space 116224K, 96% used [0x00000000f8e80000,0x00000000ffc8f2c0,0x0000000100000000)
  to   space 116224K, 0% used [0x00000000f1d00000,0x00000000f1d00000,0x00000000f8e80000)
 ParOldGen       total 298496K, used 167037K [0x00000000c0000000, 0x00000000d2380000, 0x00000000eab00000)
  object space 298496K, 55% used [0x00000000c0000000,0x00000000ca31f400,0x00000000d2380000)
 Metaspace       used 6395K, capacity 7154K, committed 7296K, reserved 1056768K
  class space    used 596K, capacity 618K, committed 640K, reserved 1048576K
}
Event: 8.956 GC heap before
{Heap before GC invocations=13 (full 2):
 PSYoungGen      total 232960K, used 229436K [0x00000000eab00000, 0x0000000100000000, 0x0000000100000000)
  eden space 116736K, 100% used [0x00000000eab00000,0x00000000f1d00000,0x00000000f1d00000)
  from space 116224K, 96% used [0x00000000f8e80000,0x00000000ffc8f2c0,0x0000000100000000)
  to   space 116224K, 0% used [0x00000000f1d00000,0x00000000f1d00000,0x00000000f8e80000)
 ParOldGen       total 298496K, used 167037K [0x00000000c0000000, 0x00000000d2380000, 0x00000000eab00000)
  object space 298496K, 55% used [0x00000000c0000000,0x00000000ca31f400,0x00000000d2380000)
 Metaspace       used 6398K, capacity 7154K, committed 7296K, reserved 1056768K
  class space    used 596K, capacity 618K, committed 640K, reserved 1048576K
Event: 17.275 GC heap after
Heap after GC invocations=13 (full 2):
 PSYoungGen      total 232960K, used 49032K [0x00000000eab00000, 0x0000000100000000, 0x0000000100000000)
  eden space 116736K, 0% used [0x00000000eab00000,0x00000000eab00000,0x00000000f1d00000)
  from space 116224K, 42% used [0x00000000f1d00000,0x00000000f4ce2388,0x00000000f8e80000)
  to   space 116224K, 0% used [0x00000000f8e80000,0x00000000f8e80000,0x0000000100000000)
 ParOldGen       total 298496K, used 281766K [0x00000000c0000000, 0x00000000d2380000, 0x00000000eab00000)
  object space 298496K, 94% used [0x00000000c0000000,0x00000000d1329860,0x00000000d2380000)
 Metaspace       used 6398K, capacity 7154K, committed 7296K, reserved 1056768K
  class space    used 596K, capacity 618K, committed 640K, reserved 1048576K
}
Event: 17.275 GC heap before
{Heap before GC invocations=14 (full 3):
 PSYoungGen      total 232960K, used 49032K [0x00000000eab00000, 0x0000000100000000, 0x0000000100000000)
  eden space 116736K, 0% used [0x00000000eab00000,0x00000000eab00000,0x00000000f1d00000)
  from space 116224K, 42% used [0x00000000f1d00000,0x00000000f4ce2388,0x00000000f8e80000)
  to   space 116224K, 0% used [0x00000000f8e80000,0x00000000f8e80000,0x0000000100000000)
 ParOldGen       total 298496K, used 281766K [0x00000000c0000000, 0x00000000d2380000, 0x00000000eab00000)
  object space 298496K, 94% used [0x00000000c0000000,0x00000000d1329860,0x00000000d2380000)
 Metaspace       used 6398K, capacity 7154K, committed 7296K, reserved 1056768K
  class space    used 596K, capacity 618K, committed 640K, reserved 1048576K
Event: 17.676 GC heap after
Heap after GC invocations=14 (full 3):
 PSYoungGen      total 232960K, used 0K [0x00000000eab00000, 0x0000000100000000, 0x0000000100000000)
  eden space 116736K, 0% used [0x00000000eab00000,0x00000000eab00000,0x00000000f1d00000)
  from space 116224K, 0% used [0x00000000f1d00000,0x00000000f1d00000,0x00000000f8e80000)
  to   space 116224K, 0% used [0x00000000f8e80000,0x00000000f8e80000,0x0000000100000000)
 ParOldGen       total 362496K, used 200568K [0x00000000c0000000, 0x00000000d6200000, 0x00000000eab00000)
  object space 362496K, 55% used [0x00000000c0000000,0x00000000cc3de078,0x00000000d6200000)
 Metaspace       used 6398K, capacity 7154K, committed 7296K, reserved 1056768K
  class space    used 596K, capacity 618K, committed 640K, reserved 1048576K
}
Event: 17.865 GC heap before
{Heap before GC invocations=15 (full 3):
 PSYoungGen      total 232960K, used 116736K [0x00000000eab00000, 0x0000000100000000, 0x0000000100000000)
  eden space 116736K, 100% used [0x00000000eab00000,0x00000000f1d00000,0x00000000f1d00000)
  from space 116224K, 0% used [0x00000000f1d00000,0x00000000f1d00000,0x00000000f8e80000)
  to   space 116224K, 0% used [0x00000000f8e80000,0x00000000f8e80000,0x0000000100000000)
 ParOldGen       total 362496K, used 200568K [0x00000000c0000000, 0x00000000d6200000, 0x00000000eab00000)
  object space 362496K, 55% used [0x00000000c0000000,0x00000000cc3de078,0x00000000d6200000)
 Metaspace       used 6398K, capacity 7154K, committed 7296K, reserved 1056768K
  class space    used 596K, capacity 618K, committed 640K, reserved 1048576K
Event: 18.032 GC heap after
Heap after GC invocations=15 (full 3):
 PSYoungGen      total 232960K, used 23605K [0x00000000eab00000, 0x0000000100000000, 0x0000000100000000)
  eden space 116736K, 0% used [0x00000000eab00000,0x00000000eab00000,0x00000000f1d00000)
  from space 116224K, 20% used [0x00000000f8e80000,0x00000000fa58d790,0x0000000100000000)
  to   space 116224K, 0% used [0x00000000f1d00000,0x00000000f1d00000,0x00000000f8e80000)
 ParOldGen       total 362496K, used 200568K [0x00000000c0000000, 0x00000000d6200000, 0x00000000eab00000)
  object space 362496K, 55% used [0x00000000c0000000,0x00000000cc3de078,0x00000000d6200000)
 Metaspace       used 6398K, capacity 7154K, committed 7296K, reserved 1056768K
  class space    used 596K, capacity 618K, committed 640K, reserved 1048576K
}
Event: 18.269 GC heap before
{Heap before GC invocations=16 (full 3):
 PSYoungGen      total 232960K, used 140341K [0x00000000eab00000, 0x0000000100000000, 0x0000000100000000)
  eden space 116736K, 100% used [0x00000000eab00000,0x00000000f1d00000,0x00000000f1d00000)
  from space 116224K, 20% used [0x00000000f8e80000,0x00000000fa58d790,0x0000000100000000)
  to   space 116224K, 0% used [0x00000000f1d00000,0x00000000f1d00000,0x00000000f8e80000)
 ParOldGen       total 362496K, used 200568K [0x00000000c0000000, 0x00000000d6200000, 0x00000000eab00000)
  object space 362496K, 55% used [0x00000000c0000000,0x00000000cc3de078,0x00000000d6200000)
 Metaspace       used 6416K, capacity 7154K, committed 7296K, reserved 1056768K
  class space    used 596K, capacity 618K, committed 640K, reserved 1048576K
Event: 18.348 GC heap after
Heap after GC invocations=16 (full 3):
 PSYoungGen      total 232960K, used 48911K [0x00000000eab00000, 0x0000000100000000, 0x0000000100000000)
  eden space 116736K, 0% used [0x00000000eab00000,0x00000000eab00000,0x00000000f1d00000)
  from space 116224K, 42% used [0x00000000f1d00000,0x00000000f4cc3de0,0x00000000f8e80000)
  to   space 116224K, 0% used [0x00000000f8e80000,0x00000000f8e80000,0x0000000100000000)
 ParOldGen       total 362496K, used 221416K [0x00000000c0000000, 0x00000000d6200000, 0x00000000eab00000)
  object space 362496K, 61% used [0x00000000c0000000,0x00000000cd83a2e8,0x00000000d6200000)
 Metaspace       used 6416K, capacity 7154K, committed 7296K, reserved 1056768K
  class space    used 596K, capacity 618K, committed 640K, reserved 1048576K
}
Event: 18.477 GC heap before
{Heap before GC invocations=17 (full 3):
 PSYoungGen      total 232960K, used 165647K [0x00000000eab00000, 0x0000000100000000, 0x0000000100000000)
  eden space 116736K, 100% used [0x00000000eab00000,0x00000000f1d00000,0x00000000f1d00000)
  from space 116224K, 42% used [0x00000000f1d00000,0x00000000f4cc3de0,0x00000000f8e80000)
  to   space 116224K, 0% used [0x00000000f8e80000,0x00000000f8e80000,0x0000000100000000)
 ParOldGen       total 362496K, used 221416K [0x00000000c0000000, 0x00000000d6200000, 0x00000000eab00000)
  object space 362496K, 61% used [0x00000000c0000000,0x00000000cd83a2e8,0x00000000d6200000)
 Metaspace       used 6418K, capacity 7154K, committed 7296K, reserved 1056768K
  class space    used 596K, capacity 618K, committed 640K, reserved 1048576K

