# JRE version: OpenJDK Runtime Environment (8.0_76-b03) (build 1.8.0_76-release-b03)
# Java VM: OpenJDK 64-Bit Server VM (25.76-b03 mixed mode windows-amd64 compressed oops)
Heap:
 PSYoungGen      total 138752K, used 58699K [0x00000000eab00000, 0x00000000f8800000, 0x0000000100000000)
  eden space 57344K, 70% used [0x00000000eab00000,0x00000000ed241fe0,0x00000000ee300000)
  from space 81408K, 22% used [0x00000000f3880000,0x00000000f4a90c68,0x00000000f8800000)
  to   space 84480K, 0% used [0x00000000ee300000,0x00000000ee300000,0x00000000f3580000)
 ParOldGen       total 335360K, used 177665K [0x00000000c0000000, 0x00000000d4780000, 0x00000000eab00000)
  object space 335360K, 52% used [0x00000000c0000000,0x00000000cad80730,0x00000000d4780000)
 Metaspace       used 6301K, capacity 7090K, committed 7296K, reserved 1056768K
  class space    used 596K, capacity 618K, committed 640K, reserved 1048576K
GC Heap History (10 events):
Event: 4.138 GC heap before
{Heap before GC invocations=6 (full 1):
 PSYoungGen      total 132096K, used 5093K [0x00000000eab00000, 0x00000000f3100000, 0x0000000100000000)
  eden space 126976K, 0% used [0x00000000eab00000,0x00000000eab00000,0x00000000f2700000)
  from space 5120K, 99% used [0x00000000f2700000,0x00000000f2bf9480,0x00000000f2c00000)
  to   space 5120K, 0% used [0x00000000f2c00000,0x00000000f2c00000,0x00000000f3100000)
 ParOldGen       total 119808K, used 118442K [0x00000000c0000000, 0x00000000c7500000, 0x00000000eab00000)
  object space 119808K, 98% used [0x00000000c0000000,0x00000000c73aab08,0x00000000c7500000)
 Metaspace       used 6279K, capacity 7090K, committed 7296K, reserved 1056768K
  class space    used 595K, capacity 618K, committed 640K, reserved 1048576K
Event: 4.993 GC heap after
Heap after GC invocations=6 (full 1):
 PSYoungGen      total 132096K, used 0K [0x00000000eab00000, 0x00000000f3100000, 0x0000000100000000)
  eden space 126976K, 0% used [0x00000000eab00000,0x00000000eab00000,0x00000000f2700000)
  from space 5120K, 0% used [0x00000000f2700000,0x00000000f2700000,0x00000000f2c00000)
  to   space 5120K, 0% used [0x00000000f2c00000,0x00000000f2c00000,0x00000000f3100000)
 ParOldGen       total 229376K, used 114259K [0x00000000c0000000, 0x00000000ce000000, 0x00000000eab00000)
  object space 229376K, 49% used [0x00000000c0000000,0x00000000c6f94c78,0x00000000ce000000)
 Metaspace       used 6279K, capacity 7090K, committed 7296K, reserved 1056768K
  class space    used 595K, capacity 618K, committed 640K, reserved 1048576K
}
Event: 5.103 GC heap before
{Heap before GC invocations=7 (full 1):
 PSYoungGen      total 132096K, used 126976K [0x00000000eab00000, 0x00000000f3100000, 0x0000000100000000)
  eden space 126976K, 100% used [0x00000000eab00000,0x00000000f2700000,0x00000000f2700000)
  from space 5120K, 0% used [0x00000000f2700000,0x00000000f2700000,0x00000000f2c00000)
  to   space 5120K, 0% used [0x00000000f2c00000,0x00000000f2c00000,0x00000000f3100000)
 ParOldGen       total 229376K, used 114259K [0x00000000c0000000, 0x00000000ce000000, 0x00000000eab00000)
  object space 229376K, 49% used [0x00000000c0000000,0x00000000c6f94c78,0x00000000ce000000)
 Metaspace       used 6283K, capacity 7090K, committed 7296K, reserved 1056768K
  class space    used 595K, capacity 618K, committed 640K, reserved 1048576K
Event: 5.208 GC heap after
Heap after GC invocations=7 (full 1):
 PSYoungGen      total 46592K, used 5120K [0x00000000eab00000, 0x0000000100000000, 0x0000000100000000)
  eden space 41472K, 0% used [0x00000000eab00000,0x00000000eab00000,0x00000000ed380000)
  from space 5120K, 100% used [0x00000000f2c00000,0x00000000f3100000,0x00000000f3100000)
  to   space 90624K, 0% used [0x00000000ed380000,0x00000000ed380000,0x00000000f2c00000)
 ParOldGen       total 229376K, used 177960K [0x00000000c0000000, 0x00000000ce000000, 0x00000000eab00000)
  object space 229376K, 77% used [0x00000000c0000000,0x00000000cadca2d8,0x00000000ce000000)
 Metaspace       used 6283K, capacity 7090K, committed 7296K, reserved 1056768K
  class space    used 595K, capacity 618K, committed 640K, reserved 1048576K
}
Event: 5.208 GC heap before
{Heap before GC invocations=8 (full 2):
 PSYoungGen      total 46592K, used 5120K [0x00000000eab00000, 0x0000000100000000, 0x0000000100000000)
  eden space 41472K, 0% used [0x00000000eab00000,0x00000000eab00000,0x00000000ed380000)
  from space 5120K, 100% used [0x00000000f2c00000,0x00000000f3100000,0x00000000f3100000)
  to   space 90624K, 0% used [0x00000000ed380000,0x00000000ed380000,0x00000000f2c00000)
 ParOldGen       total 229376K, used 177960K [0x00000000c0000000, 0x00000000ce000000, 0x00000000eab00000)
  object space 229376K, 77% used [0x00000000c0000000,0x00000000cadca2d8,0x00000000ce000000)
 Metaspace       used 6283K, capacity 7090K, committed 7296K, reserved 1056768K
  class space    used 595K, capacity 618K, committed 640K, reserved 1048576K
Event: 5.454 GC heap after
Heap after GC invocations=8 (full 2):
 PSYoungGen      total 46592K, used 0K [0x00000000eab00000, 0x0000000100000000, 0x0000000100000000)
  eden space 41472K, 0% used [0x00000000eab00000,0x00000000eab00000,0x00000000ed380000)
  from space 5120K, 0% used [0x00000000f2c00000,0x00000000f2c00000,0x00000000f3100000)
  to   space 90624K, 0% used [0x00000000ed380000,0x00000000ed380000,0x00000000f2c00000)
 ParOldGen       total 335360K, used 177665K [0x00000000c0000000, 0x00000000d4780000, 0x00000000eab00000)
  object space 335360K, 52% used [0x00000000c0000000,0x00000000cad80730,0x00000000d4780000)
 Metaspace       used 6283K, capacity 7090K, committed 7296K, reserved 1056768K
  class space    used 595K, capacity 618K, committed 640K, reserved 1048576K
}
Event: 5.501 GC heap before
{Heap before GC invocations=9 (full 2):
 PSYoungGen      total 46592K, used 41472K [0x00000000eab00000, 0x0000000100000000, 0x0000000100000000)
  eden space 41472K, 100% used [0x00000000eab00000,0x00000000ed380000,0x00000000ed380000)
  from space 5120K, 0% used [0x00000000f2c00000,0x00000000f2c00000,0x00000000f3100000)
  to   space 90624K, 0% used [0x00000000ed380000,0x00000000ed380000,0x00000000f2c00000)
 ParOldGen       total 335360K, used 177665K [0x00000000c0000000, 0x00000000d4780000, 0x00000000eab00000)
  object space 335360K, 52% used [0x00000000c0000000,0x00000000cad80730,0x00000000d4780000)
 Metaspace       used 6292K, capacity 7090K, committed 7296K, reserved 1056768K
  class space    used 596K, capacity 618K, committed 640K, reserved 1048576K
Event: 5.516 GC heap after
Heap after GC invocations=9 (full 2):
 PSYoungGen      total 132096K, used 8513K [0x00000000eab00000, 0x00000000f8f80000, 0x0000000100000000)
  eden space 41472K, 0% used [0x00000000eab00000,0x00000000eab00000,0x00000000ed380000)
  from space 90624K, 9% used [0x00000000ed380000,0x00000000edbd0500,0x00000000f2c00000)
  to   space 89088K, 0% used [0x00000000f3880000,0x00000000f3880000,0x00000000f8f80000)
 ParOldGen       total 335360K, used 177665K [0x00000000c0000000, 0x00000000d4780000, 0x00000000eab00000)
  object space 335360K, 52% used [0x00000000c0000000,0x00000000cad80730,0x00000000d4780000)
 Metaspace       used 6292K, capacity 7090K, committed 7296K, reserved 1056768K
  class space    used 596K, capacity 618K, committed 640K, reserved 1048576K
}
Event: 5.681 GC heap before
{Heap before GC invocations=10 (full 2):
 PSYoungGen      total 132096K, used 49985K [0x00000000eab00000, 0x00000000f8f80000, 0x0000000100000000)
  eden space 41472K, 100% used [0x00000000eab00000,0x00000000ed380000,0x00000000ed380000)
  from space 90624K, 9% used [0x00000000ed380000,0x00000000edbd0500,0x00000000f2c00000)
  to   space 89088K, 0% used [0x00000000f3880000,0x00000000f3880000,0x00000000f8f80000)
 ParOldGen       total 335360K, used 177665K [0x00000000c0000000, 0x00000000d4780000, 0x00000000eab00000)
  object space 335360K, 52% used [0x00000000c0000000,0x00000000cad80730,0x00000000d4780000)
 Metaspace       used 6301K, capacity 7090K, committed 7296K, reserved 1056768K
  class space    used 596K, capacity 618K, committed 640K, reserved 1048576K
Event: 5.750 GC heap after
Heap after GC invocations=10 (full 2):
 PSYoungGen      total 138752K, used 18499K [0x00000000eab00000, 0x00000000f8800000, 0x0000000100000000)
  eden space 57344K, 0% used [0x00000000eab00000,0x00000000eab00000,0x00000000ee300000)
  from space 81408K, 22% used [0x00000000f3880000,0x00000000f4a90c68,0x00000000f8800000)
  to   space 84480K, 0% used [0x00000000ee300000,0x00000000ee300000,0x00000000f3580000)
 ParOldGen       total 335360K, used 177665K [0x00000000c0000000, 0x00000000d4780000, 0x00000000eab00000)
  object space 335360K, 52% used [0x00000000c0000000,0x00000000cad80730,0x00000000d4780000)
 Metaspace       used 6301K, capacity 7090K, committed 7296K, reserved 1056768K
  class space    used 596K, capacity 618K, committed 640K, reserved 1048576K
}

