# JRE version: OpenJDK Runtime Environment (8.0_76-b03) (build 1.8.0_76-release-b03)
# Java VM: OpenJDK 64-Bit Server VM (25.76-b03 mixed mode windows-amd64 compressed oops)
Heap:
 PSYoungGen      total 36864K, used 12074K [0x00000000eab00000, 0x00000000ee480000, 0x0000000100000000)
  eden space 31744K, 21% used [0x00000000eab00000,0x00000000eb1ca968,0x00000000eca00000)
  from space 5120K, 100% used [0x00000000edf80000,0x00000000ee480000,0x00000000ee480000)
  to   space 5120K, 0% used [0x00000000eca00000,0x00000000eca00000,0x00000000ecf00000)
 ParOldGen       total 47616K, used 12496K [0x00000000c0000000, 0x00000000c2e80000, 0x00000000eab00000)
  object space 47616K, 26% used [0x00000000c0000000,0x00000000c0c34168,0x00000000c2e80000)
 Metaspace       used 6014K, capacity 6960K, committed 7040K, reserved 1058816K
  class space    used 574K, capacity 616K, committed 640K, reserved 1048576K
GC Heap History (10 events):
Event: 0.658 GC heap before
{Heap before GC invocations=1 (full 0):
 PSYoungGen      total 36864K, used 10814K [0x00000000eab00000, 0x00000000ed400000, 0x0000000100000000)
  eden space 31744K, 34% used [0x00000000eab00000,0x00000000eb58f920,0x00000000eca00000)
  from space 5120K, 0% used [0x00000000ecf00000,0x00000000ecf00000,0x00000000ed400000)
  to   space 5120K, 0% used [0x00000000eca00000,0x00000000eca00000,0x00000000ecf00000)
 ParOldGen       total 84992K, used 0K [0x00000000c0000000, 0x00000000c5300000, 0x00000000eab00000)
  object space 84992K, 0% used [0x00000000c0000000,0x00000000c0000000,0x00000000c5300000)
 Metaspace       used 4445K, capacity 5584K, committed 5760K, reserved 1060864K
  class space    used 471K, capacity 520K, committed 640K, reserved 1048576K
Event: 0.690 GC heap after
Heap after GC invocations=1 (full 0):
 PSYoungGen      total 36864K, used 2270K [0x00000000eab00000, 0x00000000ed400000, 0x0000000100000000)
  eden space 31744K, 0% used [0x00000000eab00000,0x00000000eab00000,0x00000000eca00000)
  from space 5120K, 44% used [0x00000000eca00000,0x00000000ecc37b18,0x00000000ecf00000)
  to   space 5120K, 0% used [0x00000000ecf00000,0x00000000ecf00000,0x00000000ed400000)
 ParOldGen       total 84992K, used 8K [0x00000000c0000000, 0x00000000c5300000, 0x00000000eab00000)
  object space 84992K, 0% used [0x00000000c0000000,0x00000000c0002000,0x00000000c5300000)
 Metaspace       used 4445K, capacity 5584K, committed 5760K, reserved 1060864K
  class space    used 471K, capacity 520K, committed 640K, reserved 1048576K
}
Event: 0.690 GC heap before
{Heap before GC invocations=2 (full 1):
 PSYoungGen      total 36864K, used 2270K [0x00000000eab00000, 0x00000000ed400000, 0x0000000100000000)
  eden space 31744K, 0% used [0x00000000eab00000,0x00000000eab00000,0x00000000eca00000)
  from space 5120K, 44% used [0x00000000eca00000,0x00000000ecc37b18,0x00000000ecf00000)
  to   space 5120K, 0% used [0x00000000ecf00000,0x00000000ecf00000,0x00000000ed400000)
 ParOldGen       total 84992K, used 8K [0x00000000c0000000, 0x00000000c5300000, 0x00000000eab00000)
  object space 84992K, 0% used [0x00000000c0000000,0x00000000c0002000,0x00000000c5300000)
 Metaspace       used 4445K, capacity 5584K, committed 5760K, reserved 1060864K
  class space    used 471K, capacity 520K, committed 640K, reserved 1048576K
Event: 0.715 GC heap after
Heap after GC invocations=2 (full 1):
 PSYoungGen      total 36864K, used 0K [0x00000000eab00000, 0x00000000ed400000, 0x0000000100000000)
  eden space 31744K, 0% used [0x00000000eab00000,0x00000000eab00000,0x00000000eca00000)
  from space 5120K, 0% used [0x00000000eca00000,0x00000000eca00000,0x00000000ecf00000)
  to   space 5120K, 0% used [0x00000000ecf00000,0x00000000ecf00000,0x00000000ed400000)
 ParOldGen       total 47616K, used 2022K [0x00000000c0000000, 0x00000000c2e80000, 0x00000000eab00000)
  object space 47616K, 4% used [0x00000000c0000000,0x00000000c01f9930,0x00000000c2e80000)
 Metaspace       used 4445K, capacity 5584K, committed 5760K, reserved 1058816K
  class space    used 471K, capacity 520K, committed 640K, reserved 1048576K
}
Event: 1.013 GC heap before
{Heap before GC invocations=3 (full 1):
 PSYoungGen      total 36864K, used 31744K [0x00000000eab00000, 0x00000000ed400000, 0x0000000100000000)
  eden space 31744K, 100% used [0x00000000eab00000,0x00000000eca00000,0x00000000eca00000)
  from space 5120K, 0% used [0x00000000eca00000,0x00000000eca00000,0x00000000ecf00000)
  to   space 5120K, 0% used [0x00000000ecf00000,0x00000000ecf00000,0x00000000ed400000)
 ParOldGen       total 47616K, used 2022K [0x00000000c0000000, 0x00000000c2e80000, 0x00000000eab00000)
  object space 47616K, 4% used [0x00000000c0000000,0x00000000c01f9930,0x00000000c2e80000)
 Metaspace       used 5776K, capacity 6768K, committed 7040K, reserved 1058816K
  class space    used 567K, capacity 616K, committed 640K, reserved 1048576K
Event: 1.025 GC heap after
Heap after GC invocations=3 (full 1):
 PSYoungGen      total 36864K, used 5088K [0x00000000eab00000, 0x00000000ee480000, 0x0000000100000000)
  eden space 31744K, 0% used [0x00000000eab00000,0x00000000eab00000,0x00000000eca00000)
  from space 5120K, 99% used [0x00000000ecf00000,0x00000000ed3f8028,0x00000000ed400000)
  to   space 5120K, 0% used [0x00000000eca00000,0x00000000eca00000,0x00000000ecf00000)
 ParOldGen       total 47616K, used 2800K [0x00000000c0000000, 0x00000000c2e80000, 0x00000000eab00000)
  object space 47616K, 5% used [0x00000000c0000000,0x00000000c02bc190,0x00000000c2e80000)
 Metaspace       used 5776K, capacity 6768K, committed 7040K, reserved 1058816K
  class space    used 567K, capacity 616K, committed 640K, reserved 1048576K
}
Event: 1.376 GC heap before
{Heap before GC invocations=4 (full 1):
 PSYoungGen      total 36864K, used 36832K [0x00000000eab00000, 0x00000000ee480000, 0x0000000100000000)
  eden space 31744K, 100% used [0x00000000eab00000,0x00000000eca00000,0x00000000eca00000)
  from space 5120K, 99% used [0x00000000ecf00000,0x00000000ed3f8028,0x00000000ed400000)
  to   space 5120K, 0% used [0x00000000eca00000,0x00000000eca00000,0x00000000ecf00000)
 ParOldGen       total 47616K, used 2800K [0x00000000c0000000, 0x00000000c2e80000, 0x00000000eab00000)
  object space 47616K, 5% used [0x00000000c0000000,0x00000000c02bc190,0x00000000c2e80000)
 Metaspace       used 5979K, capacity 6960K, committed 7040K, reserved 1058816K
  class space    used 574K, capacity 616K, committed 640K, reserved 1048576K
Event: 1.393 GC heap after
Heap after GC invocations=4 (full 1):
 PSYoungGen      total 36864K, used 5088K [0x00000000eab00000, 0x00000000ee480000, 0x0000000100000000)
  eden space 31744K, 0% used [0x00000000eab00000,0x00000000eab00000,0x00000000eca00000)
  from space 5120K, 99% used [0x00000000eca00000,0x00000000ecef8028,0x00000000ecf00000)
  to   space 5120K, 0% used [0x00000000edf80000,0x00000000edf80000,0x00000000ee480000)
 ParOldGen       total 47616K, used 7258K [0x00000000c0000000, 0x00000000c2e80000, 0x00000000eab00000)
  object space 47616K, 15% used [0x00000000c0000000,0x00000000c0716b88,0x00000000c2e80000)
 Metaspace       used 5979K, capacity 6960K, committed 7040K, reserved 1058816K
  class space    used 574K, capacity 616K, committed 640K, reserved 1048576K
}
Event: 1.680 GC heap before
{Heap before GC invocations=5 (full 1):
 PSYoungGen      total 36864K, used 36832K [0x00000000eab00000, 0x00000000ee480000, 0x0000000100000000)
  eden space 31744K, 100% used [0x00000000eab00000,0x00000000eca00000,0x00000000eca00000)
  from space 5120K, 99% used [0x00000000eca00000,0x00000000ecef8028,0x00000000ecf00000)
  to   space 5120K, 0% used [0x00000000edf80000,0x00000000edf80000,0x00000000ee480000)
 ParOldGen       total 47616K, used 7258K [0x00000000c0000000, 0x00000000c2e80000, 0x00000000eab00000)
  object space 47616K, 15% used [0x00000000c0000000,0x00000000c0716b88,0x00000000c2e80000)
 Metaspace       used 6014K, capacity 6960K, committed 7040K, reserved 1058816K
  class space    used 574K, capacity 616K, committed 640K, reserved 1048576K
Event: 2.533 GC heap after
Heap after GC invocations=5 (full 1):
 PSYoungGen      total 36864K, used 5120K [0x00000000eab00000, 0x00000000ee480000, 0x0000000100000000)
  eden space 31744K, 0% used [0x00000000eab00000,0x00000000eab00000,0x00000000eca00000)
  from space 5120K, 100% used [0x00000000edf80000,0x00000000ee480000,0x00000000ee480000)
  to   space 5120K, 0% used [0x00000000eca00000,0x00000000eca00000,0x00000000ecf00000)
 ParOldGen       total 47616K, used 12496K [0x00000000c0000000, 0x00000000c2e80000, 0x00000000eab00000)
  object space 47616K, 26% used [0x00000000c0000000,0x00000000c0c34168,0x00000000c2e80000)
 Metaspace       used 6014K, capacity 6960K, committed 7040K, reserved 1058816K
  class space    used 574K, capacity 616K, committed 640K, reserved 1048576K
}

